Response Status: 200
Response Body: {"booking_id":"bd63715b-79fd-4cc3-aa83-1873d1eda432","event_id":"19b7cf41-369c-4b29-b078-c47863a06f70","status":"CONFIRMED","price":1500.0,"adults":1,"created_at":"2026-02-05T12:34:58.655120","message":"Package booked successfully","offer_id":null,"departure":null,"destination":null,"depart_date":null,"return_date":null,"hotel_name":null,"hotel_city":null,"check_in":null,"check_out":null}

Traceback (most recent call last):
  File "C:\Users\ruben\Desktop\JetSetGo\backend\tests\test_packages_restored.py", line 123, in test_book_package_flow
    response_trip = await async_client.get(f"/travel/trips/{trip_id}", headers=auth_headers)
                    ^^^^^^^^^^^^^^^^^^^^^^^^^^^^^^^^^^^^^^^^^^^^^^^^^^^^^^^^^^^^^^^^^^^^^^^^
  File "C:\Users\ruben\AppData\Local\Programs\Python\Python311\Lib\site-packages\httpx\_client.py", line 1786, in get
    return await self.request(
           ^^^^^^^^^^^^^^^^^^^
  File "C:\Users\ruben\AppData\Local\Programs\Python\Python311\Lib\site-packages\httpx\_client.py", line 1559, in request
    return await self.send(request, auth=auth, follow_redirects=follow_redirects)
           ^^^^^^^^^^^^^^^^^^^^^^^^^^^^^^^^^^^^^^^^^^^^^^^^^^^^^^^^^^^^^^^^^^^^^^
  File "C:\Users\ruben\AppData\Local\Programs\Python\Python311\Lib\site-packages\httpx\_client.py", line 1646, in send
    response = await self._send_handling_auth(
               ^^^^^^^^^^^^^^^^^^^^^^^^^^^^^^^
  File "C:\Users\ruben\AppData\Local\Programs\Python\Python311\Lib\site-packages\httpx\_client.py", line 1674, in _send_handling_auth
    response = await self._send_handling_redirects(
               ^^^^^^^^^^^^^^^^^^^^^^^^^^^^^^^^^^^^
  File "C:\Users\ruben\AppData\Local\Programs\Python\Python311\Lib\site-packages\httpx\_client.py", line 1711, in _send_handling_redirects
    response = await self._send_single_request(request)
               ^^^^^^^^^^^^^^^^^^^^^^^^^^^^^^^^^^^^^^^^
  File "C:\Users\ruben\AppData\Local\Programs\Python\Python311\Lib\site-packages\httpx\_client.py", line 1748, in _send_single_request
    response = await transport.handle_async_request(request)
               ^^^^^^^^^^^^^^^^^^^^^^^^^^^^^^^^^^^^^^^^^^^^^
  File "C:\Users\ruben\AppData\Local\Programs\Python\Python311\Lib\site-packages\httpx\_transports\asgi.py", line 162, in handle_async_request
    await self.app(scope, receive, send)
  File "C:\Users\ruben\AppData\Local\Programs\Python\Python311\Lib\site-packages\fastapi\applications.py", line 1054, in __call__
    await super().__call__(scope, receive, send)
  File "C:\Users\ruben\AppData\Local\Programs\Python\Python311\Lib\site-packages\starlette\applications.py", line 113, in __call__
    await self.middleware_stack(scope, receive, send)
  File "C:\Users\ruben\AppData\Local\Programs\Python\Python311\Lib\site-packages\starlette\middleware\errors.py", line 187, in __call__
    raise exc
  File "C:\Users\ruben\AppData\Local\Programs\Python\Python311\Lib\site-packages\starlette\middleware\errors.py", line 165, in __call__
    await self.app(scope, receive, _send)
  File "C:\Users\ruben\AppData\Local\Programs\Python\Python311\Lib\site-packages\starlette\middleware\cors.py", line 85, in __call__
    await self.app(scope, receive, send)
  File "C:\Users\ruben\AppData\Local\Programs\Python\Python311\Lib\site-packages\starlette\middleware\exceptions.py", line 62, in __call__
    await wrap_app_handling_exceptions(self.app, conn)(scope, receive, send)
  File "C:\Users\ruben\AppData\Local\Programs\Python\Python311\Lib\site-packages\starlette\_exception_handler.py", line 62, in wrapped_app
    raise exc
  File "C:\Users\ruben\AppData\Local\Programs\Python\Python311\Lib\site-packages\starlette\_exception_handler.py", line 51, in wrapped_app
    await app(scope, receive, sender)
  File "C:\Users\ruben\AppData\Local\Programs\Python\Python311\Lib\site-packages\starlette\routing.py", line 715, in __call__
    await self.middleware_stack(scope, receive, send)
  File "C:\Users\ruben\AppData\Local\Programs\Python\Python311\Lib\site-packages\starlette\routing.py", line 735, in app
    await route.handle(scope, receive, send)
  File "C:\Users\ruben\AppData\Local\Programs\Python\Python311\Lib\site-packages\starlette\routing.py", line 288, in handle
    await self.app(scope, receive, send)
  File "C:\Users\ruben\AppData\Local\Programs\Python\Python311\Lib\site-packages\starlette\routing.py", line 76, in app
    await wrap_app_handling_exceptions(app, request)(scope, receive, send)
  File "C:\Users\ruben\AppData\Local\Programs\Python\Python311\Lib\site-packages\starlette\_exception_handler.py", line 62, in wrapped_app
    raise exc
  File "C:\Users\ruben\AppData\Local\Programs\Python\Python311\Lib\site-packages\starlette\_exception_handler.py", line 51, in wrapped_app
    await app(scope, receive, sender)
  File "C:\Users\ruben\AppData\Local\Programs\Python\Python311\Lib\site-packages\starlette\routing.py", line 73, in app
    response = await f(request)
               ^^^^^^^^^^^^^^^^
  File "C:\Users\ruben\AppData\Local\Programs\Python\Python311\Lib\contextlib.py", line 222, in __aexit__
    await self.gen.athrow(typ, value, traceback)
  File "C:\Users\ruben\AppData\Local\Programs\Python\Python311\Lib\site-packages\fastapi\concurrency.py", line 35, in contextmanager_in_threadpool
    raise e
ValueError: invalid literal for int() with base 10: 'testuser_pkg'
