[
  {
    "id": "PAR-TEL-20261218-2",
    "departure": "paris",
    "destination": "tel aviv",
    "depart_date": "2026-12-18",
    "return_date": "2026-12-26",
    "airline": "Turkish Airlines",
    "price": 291,
    "duration_min": 410,
    "stops": 1,
    "score": 3.6,
    "adults": 1,
    "mock": true
  },
  {
    "id": "PAR-TEL-20261218-3",
    "departure": "paris",
    "destination": "tel aviv",
    "depart_date": "2026-12-18",
    "return_date": "2026-12-26",
    "airline": "Lufthansa",
    "price": 301,
    "duration_min": 341,
    "stops": 0,
    "score": 4.4,
    "adults": 1,
    "mock": true
  },
  {
    "id": "PAR-TEL-20261218-6",
    "departure": "paris",
    "destination": "tel aviv",
    "depart_date": "2026-12-18",
    "return_date": "2026-12-26",
    "airline": "Ryanair",
    "price": 309,
    "duration_min": 340,
    "stops": 0,
    "score": 4.1,
    "adults": 1,
    "mock": true
  },
  {
    "id": "PAR-TEL-20261218-0",
    "departure": "paris",
    "destination": "tel aviv",
    "depart_date": "2026-12-18",
    "return_date": "2026-12-26",
    "airline": "Lufthansa",
    "price": 337,
    "duration_min": 499,
    "stops": 1,
    "score": 3.3,
    "adults": 1,
    "mock": true
  },
  {
    "id": "PAR-TEL-20261218-8",
    "departure": "paris",
    "destination": "tel aviv",
    "depart_date": "2026-12-18",
    "return_date": "2026-12-26",
    "airline": "Lufthansa",
    "price": 384,
    "duration_min": 361,
    "stops": 0,
    "score": 4.3,
    "adults": 1,
    "mock": true
  },
  {
    "id": "PAR-TEL-20261218-7",
    "departure": "paris",
    "destination": "tel aviv",
    "depart_date": "2026-12-18",
    "return_date": "2026-12-26",
    "airline": "Lufthansa",
    "price": 401,
    "duration_min": 258,
    "stops": 0,
    "score": 3.5,
    "adults": 1,
    "mock": true
  },
  {
    "id": "PAR-TEL-20261218-4",
    "departure": "paris",
    "destination": "tel aviv",
    "depart_date": "2026-12-18",
    "return_date": "2026-12-26",
    "airline": "Air France",
    "price": 402,
    "duration_min": 291,
    "stops": 2,
    "score": 3.3,
    "adults": 1,
    "mock": true
  },
  {
    "id": "PAR-TEL-20261218-9",
    "departure": "paris",
    "destination": "tel aviv",
    "depart_date": "2026-12-18",
    "return_date": "2026-12-26",
    "airline": "ElAl",
    "price": 454,
    "duration_min": 617,
    "stops": 1,
    "score": 3.4,
    "adults": 1,
    "mock": true
  },
  {
    "id": "PAR-TEL-20261218-1",
    "departure": "paris",
    "destination": "tel aviv",
    "depart_date": "2026-12-18",
    "return_date": "2026-12-26",
    "airline": "Lufthansa",
    "price": 473,
    "duration_min": 645,
    "stops": 0,
    "score": 3.3,
    "adults": 1,
    "mock": true
  },
  {
    "id": "PAR-TEL-20261218-5",
    "departure": "paris",
    "destination": "tel aviv",
    "depart_date": "2026-12-18",
    "return_date": "2026-12-26",
    "airline": "Lufthansa",
    "price": 499,
    "duration_min": 329,
    "stops": 1,
    "score": 4.1,
    "adults": 1,
    "mock": true
  }
]